<?xml version="1.0" encoding="UTF-8"?>
<!-- Generated by org.testng.reporters.JUnitReportReporter -->
<testsuite hostname="LAPTOP-URBL5M10" failures="0" tests="1" name="com.bravenet.testScripts.VerifyErrorMessage" time="3.481" errors="0" timestamp="2023-11-22T23:32:53 EST" skipped="0">
  <testcase classname="com.bravenet.testScripts.VerifyErrorMessage" name="verifyTitle" time="3.481"/>
  <system-out/>
</testsuite> <!-- com.bravenet.testScripts.VerifyErrorMessage -->
